Build started 04/09/2014 14:51:45.
     1>Project "C:\Users\vernier\Documents\Visual Studio 2012\Projects\QImaging\QImaging\QImaging.vcxproj" on node 2 (Build target(s)).
     1>ClCompile:
         C:\Program Files (x86)\Microsoft Visual Studio 11.0\VC\bin\CL.exe /c /I"C:\National Instruments\LabVIEW 2013\cintools" /IC:\Windows\System32 /I"C:\Program Files\QImaging\SDK\Headers" /ZI /nologo /W3 /WX- /sdl /Od /Oy- /D WIN32 /D _DEBUG /D _WINDOWS /D _USRDLL /D QIMAGING_EXPORTS /D _WINDLL /D _UNICODE /D UNICODE /Gm /EHsc /RTC1 /MDd /GS /fp:precise /Zc:wchar_t /Zc:forScope /Yu"stdafx.h" /Fp"Debug\QImaging.pch" /Fo"Debug\\" /Fd"Debug\vc110.pdb" /Gd /TP /analyze- /errorReport:prompt QImaging.cpp
         QImaging.cpp
     1>c:\users\vernier\documents\visual studio 2012\projects\qimaging\qimaging\qimaging.cpp(144): warning C4101: 'i' : unreferenced local variable
     1>c:\users\vernier\documents\visual studio 2012\projects\qimaging\qimaging\qimaging.cpp(142): warning C4101: 'myFrame' : unreferenced local variable
     1>c:\users\vernier\documents\visual studio 2012\projects\qimaging\qimaging\qimaging.cpp(217): warning C4018: '<' : signed/unsigned mismatch
       Link:
         C:\Program Files (x86)\Microsoft Visual Studio 11.0\VC\bin\link.exe /ERRORREPORT:PROMPT /OUT:"C:\Users\vernier\Documents\Visual Studio 2012\Projects\QImaging\Debug\QImaging.dll" /INCREMENTAL /NOLOGO /LIBPATH:"C:\Program Files\QImaging\SDK\libs\i386" /LIBPATH:C:\Windows\System32 /LIBPATH:"C:\National Instruments\LabVIEW 2013\cintools" /LTCG:STATUS odbc32.lib odbccp32.lib qcamdriver.lib labviewv.lib kernel32.lib user32.lib gdi32.lib winspool.lib comdlg32.lib advapi32.lib shell32.lib ole32.lib oleaut32.lib uuid.lib odbc32.lib odbccp32.lib /MANIFEST /MANIFESTUAC:"level='asInvoker' uiAccess='false'" /manifest:embed /DEBUG /PDB:"C:\Users\vernier\Documents\Visual Studio 2012\Projects\QImaging\Debug\QImaging.pdb" /SUBSYSTEM:WINDOWS /TLBID:1 /DYNAMICBASE /NXCOMPAT /IMPLIB:"C:\Users\vernier\Documents\Visual Studio 2012\Projects\QImaging\Debug\QImaging.lib" /MACHINE:X86 /DLL Debug\dllmain.obj
         Debug\localFunc.obj
         Debug\LVComm.obj
         Debug\QImaging.obj
         Debug\stdafx.obj
     1>LINK : warning LNK4075: ignoring '/INCREMENTAL' due to '/LTCG' specification
     1>LINK : fatal error LNK1104: cannot open file 'C:\Users\vernier\Documents\Visual Studio 2012\Projects\QImaging\Debug\QImaging.dll'
     1>C:\Program Files (x86)\MSBuild\Microsoft.Cpp\v4.0\V110\Microsoft.CppCommon.targets(611,5): error MSB6006: "link.exe" exited with code 1104.
     1>Done Building Project "C:\Users\vernier\Documents\Visual Studio 2012\Projects\QImaging\QImaging\QImaging.vcxproj" (Build target(s)) -- FAILED.

Build FAILED.

Time Elapsed 00:00:01.89
